<?xml version="1.0" encoding="UTF-8"?>
<!-- Generated by org.testng.reporters.JUnitReportReporter -->
<testsuite hostname="RWAMW031589" failures="0" tests="1" name="testcases.BankManagerLoginTest" time="3.956" errors="0" timestamp="2021-10-29T11:01:47 CEST" skipped="0">
  <testcase classname="testcases.BankManagerLoginTest" name="bankManagerLoginTest" time="3.956"/>
  <system-out>
    <![CDATA[<br>Verification failure: expected [abc] but found [xyz]<br>
<a target="_blank" href=2021-10-29,11-01-08.jpg><img src=2021-10-29,11-01-08.jpg height=200 width=200></img></a>
<br>
<br>]]>
  </system-out>
</testsuite> <!-- testcases.BankManagerLoginTest -->
