<?xml version="1.0" encoding="UTF-8"?>
<!-- Generated by org.testng.reporters.JUnitReportReporter -->
<testsuite hostname="RWAMW031589" failures="0" tests="4" name="testcases.AddCustomerTest" time="28.584" errors="0" timestamp="2021-10-29T11:01:47 CEST" skipped="1">
  <testcase classname="testcases.AddCustomerTest" name="addCustomerTest" time="7.834"/>
  <system-out/>
  <testcase classname="testcases.AddCustomerTest" name="addCustomerTest" time="7.422"/>
  <system-out/>
  <testcase classname="testcases.AddCustomerTest" name="addCustomerTest" time="5.002">
    <skipped/>
  </testcase> <!-- addCustomerTest -->
  <system-out/>
  <testcase classname="testcases.AddCustomerTest" name="addCustomerTest" time="8.326"/>
  <system-out/>
</testsuite> <!-- testcases.AddCustomerTest -->
