<?xml version="1.0" encoding="UTF-8"?>
<!-- Generated by org.testng.reporters.JUnitReportReporter -->
<testsuite hostname="RWAMW031589" failures="0" tests="1" name="testcases.OpenAccountTest" time="3.412" errors="0" timestamp="2021-10-29T11:01:47 CEST" skipped="0">
  <testcase classname="testcases.OpenAccountTest" name="openAccountTest" time="3.412"/>
  <system-out/>
</testsuite> <!-- testcases.OpenAccountTest -->
