<?xml version="1.0" encoding="UTF-8"?>
<!-- Generated by org.testng.reporters.JUnitReportReporter -->
<testsuite hostname="RWAMW031589" failures="0" tests="4" name="testcases.AddCustomerTest" time="42.473" errors="0" timestamp="2021-10-23T20:58:46 CEST" skipped="0">
  <testcase classname="testcases.AddCustomerTest" name="addCustomer" time="11.177"/>
  <system-out/>
  <testcase classname="testcases.AddCustomerTest" name="addCustomer" time="10.418"/>
  <system-out/>
  <testcase classname="testcases.AddCustomerTest" name="addCustomer" time="10.519"/>
  <system-out/>
  <testcase classname="testcases.AddCustomerTest" name="addCustomer" time="10.359"/>
  <system-out/>
</testsuite> <!-- testcases.AddCustomerTest -->
